<?xml version="1.0" encoding="UTF-8"?>
<testsuite xmlns:xsi="http://www.w3.org/2001/XMLSchema-instance" xsi:noNamespaceSchemaLocation="https://maven.apache.org/surefire/maven-surefire-plugin/xsd/surefire-test-report.xsd" name="com.axreng.backend.controller.PesquisaControllerTest" time="0.691" tests="4" errors="0" skipped="0" failures="0">
  <properties>
[...]
</properties>
  <testcase name="testRetornaIdValidKeyword" classname="com.axreng.backend.controller.PesquisaControllerTest" time="0.502"/>
  <testcase name="testRetornaIdInvalidKeyword" classname="com.axreng.backend.controller.PesquisaControllerTest" time="0.032"/>
  <testcase name="testObterResultadosNotFoundError" classname="com.axreng.backend.controller.PesquisaControllerTest" time="0.144"/>
  <testcase name="iniciarRastreamento_Success" classname="com.axreng.backend.controller.PesquisaControllerTest" time="0.008"/>
</testsuite>